0 info it worked if it ends with ok
1 verbose cli [ '/Users/yu-chenhsiao/.nvm/versions/node/v6.17.1/bin/node',
1 verbose cli   '/Users/yu-chenhsiao/.nvm/versions/node/v6.17.1/bin/npm',
1 verbose cli   'start' ]
2 info using npm@3.10.10
3 info using node@v6.17.1
4 verbose run-script [ 'prestart', 'start', 'poststart' ]
5 info lifecycle weather-app@0.1.0~prestart: weather-app@0.1.0
6 silly lifecycle weather-app@0.1.0~prestart: no script for prestart, continuing
7 info lifecycle weather-app@0.1.0~start: weather-app@0.1.0
8 verbose lifecycle weather-app@0.1.0~start: unsafe-perm in lifecycle true
9 verbose lifecycle weather-app@0.1.0~start: PATH: /Users/yu-chenhsiao/.nvm/versions/node/v6.17.1/lib/node_modules/npm/bin/node-gyp-bin:/Users/yu-chenhsiao/Desktop/2022AU/react-weather-app/react-weather-app/node_modules/.bin:/Users/yu-chenhsiao/.rvm/gems/ruby-2.6.3/bin:/Users/yu-chenhsiao/.rvm/gems/ruby-2.6.3@global/bin:/Users/yu-chenhsiao/.rvm/rubies/ruby-2.6.3/bin:/Users/yu-chenhsiao/.nvm/versions/node/v6.17.1/bin:/Users/yu-chenhsiao/torch/install/bin:/Users/yu-chenhsiao/.composer/vendor/bin:/usr/local/opt/php@7.4/bin:/Library/Frameworks/Python.framework/Versions/2.7/bin:/Library/Frameworks/Python.framework/Versions/3.9/bin:/Library/Frameworks/Python.framework/Versions/3.8/bin:/usr/local/bin:/usr/bin:/bin:/usr/sbin:/sbin:/Library/Apple/usr/bin:/Users/yu-chenhsiao/.nvm/versions/node/v16.13.1/bin:/Users/yu-chenhsiao/.rvm/gems/ruby-2.6.3/bin:/Users/yu-chenhsiao/.rvm/gems/ruby-2.6.3@global/bin:/Users/yu-chenhsiao/.rvm/rubies/ruby-2.6.3/bin:/Users/yu-chenhsiao/.nvm/versions/node/v6.17.1/bin:/Users/yu-chenhsiao/torch/install/bin:/Users/yu-chenhsiao/.composer/vendor/bin:/usr/local/opt/php@7.4/bin:/Library/Frameworks/Python.framework/Versions/2.7/bin:/Library/Frameworks/Python.framework/Versions/3.9/bin:/Library/Frameworks/Python.framework/Versions/3.8/bin:/Users/yu-chenhsiao/opt/anaconda3/bin:/Users/yu-chenhsiao/opt/anaconda3/condabin:/Users/yu-chenhsiao/.rvm/bin
10 verbose lifecycle weather-app@0.1.0~start: CWD: /Users/yu-chenhsiao/Desktop/2022AU/react-weather-app/react-weather-app
11 silly lifecycle weather-app@0.1.0~start: Args: [ '-c', 'react-scripts start' ]
12 info lifecycle weather-app@0.1.0~start: Failed to exec start script
13 verbose stack Error: weather-app@0.1.0 start: `react-scripts start`
13 verbose stack spawn ENOENT
13 verbose stack     at ChildProcess.<anonymous> (/Users/yu-chenhsiao/.nvm/versions/node/v6.17.1/lib/node_modules/npm/lib/utils/spawn.js:33:16)
13 verbose stack     at emitTwo (events.js:106:13)
13 verbose stack     at ChildProcess.emit (events.js:191:7)
13 verbose stack     at maybeClose (internal/child_process.js:920:16)
13 verbose stack     at Process.ChildProcess._handle.onexit (internal/child_process.js:230:5)
14 verbose pkgid weather-app@0.1.0
15 verbose cwd /Users/yu-chenhsiao/Desktop/2022AU/react-weather-app/react-weather-app
16 error Darwin 21.2.0
17 error argv "/Users/yu-chenhsiao/.nvm/versions/node/v6.17.1/bin/node" "/Users/yu-chenhsiao/.nvm/versions/node/v6.17.1/bin/npm" "start"
18 error node v6.17.1
19 error npm  v3.10.10
20 error file sh
21 error code ELIFECYCLE
22 error errno ENOENT
23 error syscall spawn
24 error weather-app@0.1.0 start: `react-scripts start`
24 error spawn ENOENT
25 error Failed at the weather-app@0.1.0 start script 'react-scripts start'.
25 error Make sure you have the latest version of node.js and npm installed.
25 error If you do, this is most likely a problem with the weather-app package,
25 error not with npm itself.
25 error Tell the author that this fails on your system:
25 error     react-scripts start
25 error You can get information on how to open an issue for this project with:
25 error     npm bugs weather-app
25 error Or if that isn't available, you can get their info via:
25 error     npm owner ls weather-app
25 error There is likely additional logging output above.
26 verbose exit [ 1, true ]
